0 verbose cli /usr/bin/node /usr/share/nodejs/npm/bin/npm-cli.js
1 info using npm@9.2.0
2 info using node@v20.19.2
3 timing npm:load:whichnode Completed in 6ms
4 timing config:load:defaults Completed in 24ms
5 timing config:load:file:/usr/share/nodejs/npm/npmrc Completed in 89ms
6 timing config:load:builtin Completed in 92ms
7 timing config:load:cli Completed in 16ms
8 timing config:load:env Completed in 10ms
9 timing config:load:file:/opt/hermes/.npmrc Completed in 3ms
10 timing config:load:project Completed in 312ms
11 timing config:load:file:/opt/data/.npmrc Completed in 2ms
12 timing config:load:user Completed in 5ms
13 timing config:load:file:/etc/npmrc Completed in 17ms
14 timing config:load:global Completed in 18ms
15 timing config:load:setEnvs Completed in 23ms
16 timing config:load Completed in 511ms
17 timing npm:load:configload Completed in 512ms
18 timing npm:load:mkdirpcache Completed in 5ms
19 timing npm:load:mkdirplogs Completed in 2ms
20 verbose title npm exec agent-browser --session h_c8673a8c53 --json snapshot -c
21 verbose argv "exec" "--" "agent-browser" "--session" "h_c8673a8c53" "--json" "snapshot" "-c"
22 timing npm:load:setTitle Completed in 20ms
23 timing config:load:flatten Completed in 47ms
24 timing npm:load:display Completed in 65ms
25 verbose logfile logs-max:10 dir:/opt/data/.npm/_logs/2026-06-05T23_24_53_067Z-
26 verbose logfile /opt/data/.npm/_logs/2026-06-05T23_24_53_067Z-debug-0.log
27 timing npm:load:logFile Completed in 113ms
28 timing npm:load:timers Completed in 1ms
29 timing npm:load:configScope Completed in 1ms
30 timing npm:load Completed in 737ms
31 timing config:load:flatten Completed in 4ms
32 silly logfile start cleaning logs, removing 1 files
33 silly logfile done cleaning log files
34 timing command:exec Completed in 7230ms
35 verbose exit 0
36 timing npm Completed in 8297ms
37 info ok
