0 verbose cli /usr/bin/node /usr/share/nodejs/npm/bin/npm-cli.js
1 info using npm@9.2.0
2 info using node@v20.19.2
3 timing npm:load:whichnode Completed in 4ms
4 timing config:load:defaults Completed in 14ms
5 timing config:load:file:/usr/share/nodejs/npm/npmrc Completed in 47ms
6 timing config:load:builtin Completed in 50ms
7 timing config:load:cli Completed in 19ms
8 timing config:load:env Completed in 5ms
9 timing config:load:file:/opt/hermes/.npmrc Completed in 2ms
10 timing config:load:project Completed in 38ms
11 timing config:load:file:/opt/data/.npmrc Completed in 2ms
12 timing config:load:user Completed in 4ms
13 timing config:load:file:/etc/npmrc Completed in 2ms
14 timing config:load:global Completed in 3ms
15 timing config:load:setEnvs Completed in 9ms
16 timing config:load Completed in 154ms
17 timing npm:load:configload Completed in 155ms
18 timing npm:load:mkdirpcache Completed in 3ms
19 timing npm:load:mkdirplogs Completed in 2ms
20 verbose title npm exec agent-browser --session h_2472702aa4 --json open https://mp.weixin.qq.com/s?__biz=Mzg5MzkwMTI1MQ==&mid=2247489438&idx=1&sn=cace6f05e5f35841576896149bd5d699
21 verbose argv "exec" "--" "agent-browser" "--session" "h_2472702aa4" "--json" "open" "https://mp.weixin.qq.com/s?__biz=Mzg5MzkwMTI1MQ==&mid=2247489438&idx=1&sn=cace6f05e5f35841576896149bd5d699"
22 timing npm:load:setTitle Completed in 11ms
23 timing config:load:flatten Completed in 27ms
24 timing npm:load:display Completed in 37ms
25 verbose logfile logs-max:10 dir:/opt/data/.npm/_logs/2026-06-09T23_44_21_853Z-
26 verbose logfile /opt/data/.npm/_logs/2026-06-09T23_44_21_853Z-debug-0.log
27 timing npm:load:logFile Completed in 91ms
28 timing npm:load:timers Completed in 2ms
29 timing npm:load:configScope Completed in 1ms
30 timing npm:load Completed in 315ms
31 silly logfile start cleaning logs, removing 1 files
32 timing config:load:flatten Completed in 7ms
33 silly logfile done cleaning log files
34 timing command:exec Completed in 6330ms
35 verbose exit 1
36 timing npm Completed in 6852ms
37 verbose code 1
