0 verbose cli /usr/bin/node /usr/bin/npm
1 info using npm@9.2.0
2 info using node@v20.19.2
3 timing npm:load:whichnode Completed in 7ms
4 timing config:load:defaults Completed in 19ms
5 timing config:load:file:/usr/share/nodejs/npm/npmrc Completed in 45ms
6 timing config:load:builtin Completed in 47ms
7 timing config:load:cli Completed in 26ms
8 timing config:load:env Completed in 4ms
9 timing config:load:file:/opt/data/lsp/.npmrc Completed in 7ms
10 timing config:load:project Completed in 14ms
11 timing config:load:file:/opt/data/.npmrc Completed in 6ms
12 timing config:load:user Completed in 10ms
13 timing config:load:file:/etc/npmrc Completed in 2ms
14 timing config:load:global Completed in 4ms
15 timing config:load:setEnvs Completed in 13ms
16 timing config:load Completed in 149ms
17 timing npm:load:configload Completed in 150ms
18 timing npm:load:mkdirpcache Completed in 4ms
19 timing npm:load:mkdirplogs Completed in 4ms
20 verbose title npm install yaml-language-server
21 verbose argv "install" "--prefix" "/opt/data/lsp" "--loglevel" "silent" "--no-fund" "--no-audit" "yaml-language-server"
22 timing npm:load:setTitle Completed in 12ms
23 timing config:load:flatten Completed in 35ms
24 timing npm:load:display Completed in 50ms
25 verbose logfile logs-max:10 dir:/opt/data/.npm/_logs/2026-06-08T02_11_14_263Z-
26 verbose logfile /opt/data/.npm/_logs/2026-06-08T02_11_14_263Z-debug-0.log
27 timing npm:load:logFile Completed in 95ms
28 timing npm:load:timers Completed in 1ms
29 timing npm:load:configScope Completed in 1ms
30 timing npm:load Completed in 336ms
31 silly logfile start cleaning logs, removing 1 files
32 timing arborist:ctor Completed in 8ms
33 silly logfile done cleaning log files
34 timing arborist:ctor Completed in 2ms
35 timing idealTree:init Completed in 166ms
36 timing idealTree:userRequests Completed in 44ms
37 silly idealTree buildDeps
38 silly fetch manifest yaml-language-server@*
39 http fetch GET 200 https://registry.npmjs.org/yaml-language-server 1970ms (cache miss)
40 silly placeDep ROOT yaml-language-server@1.23.0 OK for:  want: *
41 silly fetch manifest ajv@^8.17.1
42 silly fetch manifest yaml@2.8.3
43 silly fetch manifest ajv-i18n@^4.2.0
44 silly fetch manifest prettier@^3.8.1
45 silly fetch manifest vscode-uri@^3.0.2
46 silly fetch manifest @vscode/l10n@^0.0.18
47 silly fetch manifest ajv-draft-04@^1.0.0
48 silly fetch manifest request-light@^0.5.7
49 silly fetch manifest vscode-languageserver@^9.0.0
50 silly fetch manifest vscode-json-languageservice@4.1.8
51 silly fetch manifest vscode-languageserver-types@^3.16.0
52 silly fetch manifest vscode-languageserver-textdocument@^1.0.1
53 http fetch GET 200 https://registry.npmjs.org/ajv 505ms (cache miss)
54 http fetch GET 200 https://registry.npmjs.org/ajv-draft-04 1363ms (cache miss)
55 http fetch GET 200 https://registry.npmjs.org/ajv-i18n 1422ms (cache miss)
56 http fetch GET 200 https://registry.npmjs.org/@vscode%2fl10n 1413ms (cache miss)
57 http fetch GET 200 https://registry.npmjs.org/request-light 1423ms (cache miss)
58 http fetch GET 200 https://registry.npmjs.org/vscode-languageserver-textdocument 1406ms (cache miss)
59 http fetch GET 200 https://registry.npmjs.org/vscode-uri 1467ms (cache miss)
60 http fetch GET 200 https://registry.npmjs.org/vscode-languageserver-types 1536ms (cache miss)
61 http fetch GET 200 https://registry.npmjs.org/yaml 1604ms (cache miss)
62 http fetch GET 200 https://registry.npmjs.org/prettier 1608ms (cache miss)
63 http fetch GET 200 https://registry.npmjs.org/vscode-json-languageservice 1592ms (cache miss)
64 http fetch GET 200 https://registry.npmjs.org/vscode-languageserver 1613ms (cache miss)
65 timing idealTree:#root Completed in 3849ms
66 silly placeDep ROOT @vscode/l10n@0.0.18 OK for: yaml-language-server@1.23.0 want: ^0.0.18
67 silly placeDep ROOT ajv@8.20.0 OK for: yaml-language-server@1.23.0 want: ^8.17.1
68 silly placeDep ROOT ajv-draft-04@1.0.0 OK for: yaml-language-server@1.23.0 want: ^1.0.0
69 silly placeDep ROOT ajv-i18n@4.2.0 OK for: yaml-language-server@1.23.0 want: ^4.2.0
70 silly placeDep ROOT prettier@3.8.3 OK for: yaml-language-server@1.23.0 want: ^3.8.1
71 silly placeDep ROOT request-light@0.5.8 OK for: yaml-language-server@1.23.0 want: ^0.5.7
72 silly placeDep ROOT vscode-json-languageservice@4.1.8 OK for: yaml-language-server@1.23.0 want: 4.1.8
73 silly placeDep ROOT vscode-languageserver@9.0.1 OK for: yaml-language-server@1.23.0 want: ^9.0.0
74 silly placeDep ROOT vscode-languageserver-textdocument@1.0.12 OK for: yaml-language-server@1.23.0 want: ^1.0.1
75 silly placeDep ROOT vscode-languageserver-types@3.18.0 OK for: yaml-language-server@1.23.0 want: ^3.16.0
76 silly placeDep ROOT vscode-uri@3.1.0 OK for: yaml-language-server@1.23.0 want: ^3.0.2
77 silly placeDep ROOT yaml@2.8.3 OK for: yaml-language-server@1.23.0 want: 2.8.3
78 silly fetch manifest fast-deep-equal@^3.1.3
79 silly fetch manifest fast-uri@^3.0.1
80 silly fetch manifest json-schema-traverse@^1.0.0
81 silly fetch manifest require-from-string@^2.0.2
82 silly fetch manifest vscode-nls@^5.0.0
83 silly fetch manifest jsonc-parser@^3.0.0
84 silly fetch manifest vscode-languageserver-protocol@3.17.5
85 http fetch GET 200 https://registry.npmjs.org/json-schema-traverse 518ms (cache miss)
86 http fetch GET 200 https://registry.npmjs.org/require-from-string 518ms (cache miss)
87 http fetch GET 200 https://registry.npmjs.org/vscode-nls 515ms (cache miss)
88 http fetch GET 200 https://registry.npmjs.org/fast-deep-equal 558ms (cache miss)
89 http fetch GET 200 https://registry.npmjs.org/fast-uri 558ms (cache miss)
90 http fetch GET 200 https://registry.npmjs.org/jsonc-parser 544ms (cache miss)
91 http fetch GET 200 https://registry.npmjs.org/vscode-languageserver-protocol 590ms (cache miss)
92 timing idealTree:node_modules/yaml-language-server Completed in 986ms
93 timing idealTree:node_modules/@vscode/l10n Completed in 0ms
94 silly placeDep ROOT fast-deep-equal@3.1.3 OK for: ajv@8.20.0 want: ^3.1.3
95 silly placeDep ROOT fast-uri@3.1.2 OK for: ajv@8.20.0 want: ^3.0.1
96 silly placeDep ROOT json-schema-traverse@1.0.0 OK for: ajv@8.20.0 want: ^1.0.0
97 silly placeDep ROOT require-from-string@2.0.2 OK for: ajv@8.20.0 want: ^2.0.2
98 timing idealTree:node_modules/ajv Completed in 69ms
99 timing idealTree:node_modules/ajv-draft-04 Completed in 0ms
100 timing idealTree:node_modules/ajv-i18n Completed in 0ms
101 timing idealTree:node_modules/fast-deep-equal Completed in 1ms
102 timing idealTree:node_modules/fast-uri Completed in 3ms
103 timing idealTree:node_modules/json-schema-traverse Completed in 0ms
104 timing idealTree:node_modules/prettier Completed in 0ms
105 timing idealTree:node_modules/request-light Completed in 0ms
106 timing idealTree:node_modules/require-from-string Completed in 0ms
107 silly placeDep ROOT jsonc-parser@3.3.1 OK for: vscode-json-languageservice@4.1.8 want: ^3.0.0
108 silly placeDep ROOT vscode-nls@5.2.0 OK for: vscode-json-languageservice@4.1.8 want: ^5.0.0
109 timing idealTree:node_modules/vscode-json-languageservice Completed in 35ms
110 timing idealTree:node_modules/jsonc-parser Completed in 0ms
111 silly placeDep ROOT vscode-languageserver-protocol@3.17.5 OK for: vscode-languageserver@9.0.1 want: 3.17.5
112 silly fetch manifest vscode-jsonrpc@8.2.0
113 silly fetch manifest vscode-languageserver-types@3.17.5
114 http fetch GET 200 https://registry.npmjs.org/vscode-jsonrpc 331ms (cache miss)
115 timing idealTree:node_modules/vscode-languageserver Completed in 380ms
116 silly placeDep ROOT vscode-jsonrpc@8.2.0 OK for: vscode-languageserver-protocol@3.17.5 want: 8.2.0
117 silly placeDep node_modules/vscode-languageserver-protocol vscode-languageserver-types@3.17.5 OK for: vscode-languageserver-protocol@3.17.5 want: 3.17.5
118 timing idealTree:node_modules/vscode-languageserver-protocol Completed in 64ms
119 timing idealTree:node_modules/vscode-jsonrpc Completed in 0ms
120 timing idealTree:node_modules/vscode-languageserver-textdocument Completed in 0ms
121 timing idealTree:node_modules/vscode-languageserver-types Completed in 0ms
122 timing idealTree:node_modules/vscode-nls Completed in 0ms
123 timing idealTree:node_modules/vscode-uri Completed in 0ms
124 timing idealTree:node_modules/yaml Completed in 0ms
125 timing idealTree:node_modules/vscode-languageserver-protocol/node_modules/vscode-languageserver-types Completed in 0ms
126 timing idealTree:buildDeps Completed in 5415ms
127 timing idealTree:fixDepFlags Completed in 8ms
128 timing idealTree Completed in 5651ms
129 timing reify:loadTrees Completed in 5662ms
130 timing reify:diffTrees Completed in 14ms
131 silly reify moves {}
132 timing reify:retireShallow Completed in 16ms
133 timing reify:createSparse Completed in 45ms
134 timing reify:loadBundles Completed in 0ms
135 silly tarball no local data for vscode-jsonrpc@https://registry.npmjs.org/vscode-jsonrpc/-/vscode-jsonrpc-8.2.0.tgz. Extracting by manifest.
136 silly tarball no local data for vscode-languageserver-protocol@https://registry.npmjs.org/vscode-languageserver-protocol/-/vscode-languageserver-protocol-3.17.5.tgz. Extracting by manifest.
137 silly tarball no local data for vscode-nls@https://registry.npmjs.org/vscode-nls/-/vscode-nls-5.2.0.tgz. Extracting by manifest.
138 silly tarball no local data for jsonc-parser@https://registry.npmjs.org/jsonc-parser/-/jsonc-parser-3.3.1.tgz. Extracting by manifest.
139 silly tarball no local data for json-schema-traverse@https://registry.npmjs.org/json-schema-traverse/-/json-schema-traverse-1.0.0.tgz. Extracting by manifest.
140 silly tarball no local data for fast-deep-equal@https://registry.npmjs.org/fast-deep-equal/-/fast-deep-equal-3.1.3.tgz. Extracting by manifest.
141 silly tarball no local data for require-from-string@https://registry.npmjs.org/require-from-string/-/require-from-string-2.0.2.tgz. Extracting by manifest.
142 silly tarball no local data for fast-uri@https://registry.npmjs.org/fast-uri/-/fast-uri-3.1.2.tgz. Extracting by manifest.
143 silly tarball no local data for yaml@https://registry.npmjs.org/yaml/-/yaml-2.8.3.tgz. Extracting by manifest.
144 silly tarball no local data for vscode-uri@https://registry.npmjs.org/vscode-uri/-/vscode-uri-3.1.0.tgz. Extracting by manifest.
145 silly tarball no local data for vscode-languageserver-types@https://registry.npmjs.org/vscode-languageserver-types/-/vscode-languageserver-types-3.18.0.tgz. Extracting by manifest.
146 silly tarball no local data for vscode-languageserver-textdocument@https://registry.npmjs.org/vscode-languageserver-textdocument/-/vscode-languageserver-textdocument-1.0.12.tgz. Extracting by manifest.
147 silly tarball no local data for vscode-languageserver@https://registry.npmjs.org/vscode-languageserver/-/vscode-languageserver-9.0.1.tgz. Extracting by manifest.
148 silly tarball no local data for request-light@https://registry.npmjs.org/request-light/-/request-light-0.5.8.tgz. Extracting by manifest.
149 silly tarball no local data for vscode-json-languageservice@https://registry.npmjs.org/vscode-json-languageservice/-/vscode-json-languageservice-4.1.8.tgz. Extracting by manifest.
150 silly tarball no local data for prettier@https://registry.npmjs.org/prettier/-/prettier-3.8.3.tgz. Extracting by manifest.
151 silly tarball no local data for ajv-i18n@https://registry.npmjs.org/ajv-i18n/-/ajv-i18n-4.2.0.tgz. Extracting by manifest.
152 silly tarball no local data for ajv-draft-04@https://registry.npmjs.org/ajv-draft-04/-/ajv-draft-04-1.0.0.tgz. Extracting by manifest.
153 silly tarball no local data for ajv@https://registry.npmjs.org/ajv/-/ajv-8.20.0.tgz. Extracting by manifest.
154 silly tarball no local data for @vscode/l10n@https://registry.npmjs.org/@vscode/l10n/-/l10n-0.0.18.tgz. Extracting by manifest.
155 silly tarball no local data for yaml-language-server@https://registry.npmjs.org/yaml-language-server/-/yaml-language-server-1.23.0.tgz. Extracting by manifest.
156 silly tarball no local data for vscode-languageserver-types@https://registry.npmjs.org/vscode-languageserver-types/-/vscode-languageserver-types-3.17.5.tgz. Extracting by manifest.
157 http fetch GET 200 https://registry.npmjs.org/vscode-languageserver-textdocument/-/vscode-languageserver-textdocument-1.0.12.tgz 1858ms (cache miss)
158 http fetch GET 200 https://registry.npmjs.org/fast-deep-equal/-/fast-deep-equal-3.1.3.tgz 1961ms (cache miss)
159 http fetch GET 200 https://registry.npmjs.org/require-from-string/-/require-from-string-2.0.2.tgz 1957ms (cache miss)
160 timing reifyNode:node_modules/require-from-string Completed in 2166ms
161 timing reifyNode:node_modules/fast-deep-equal Completed in 2224ms
162 http fetch GET 200 https://registry.npmjs.org/@vscode/l10n/-/l10n-0.0.18.tgz 1943ms (cache miss)
163 timing reifyNode:node_modules/@vscode/l10n Completed in 2272ms
164 http fetch GET 200 https://registry.npmjs.org/json-schema-traverse/-/json-schema-traverse-1.0.0.tgz 2096ms (cache miss)
165 timing reifyNode:node_modules/vscode-languageserver-textdocument Completed in 2325ms
166 timing reifyNode:node_modules/json-schema-traverse Completed in 2350ms
167 http fetch GET 200 https://registry.npmjs.org/request-light/-/request-light-0.5.8.tgz 2457ms (cache miss)
168 timing reifyNode:node_modules/request-light Completed in 2718ms
169 http fetch GET 200 https://registry.npmjs.org/ajv-draft-04/-/ajv-draft-04-1.0.0.tgz 2643ms (cache miss)
170 timing reifyNode:node_modules/ajv-draft-04 Completed in 3024ms
171 http fetch GET 200 https://registry.npmjs.org/vscode-nls/-/vscode-nls-5.2.0.tgz 2876ms (cache miss)
172 timing reifyNode:node_modules/vscode-nls Completed in 3110ms
173 http fetch GET 200 https://registry.npmjs.org/vscode-languageserver-types/-/vscode-languageserver-types-3.17.5.tgz 2765ms (cache miss)
174 timing reifyNode:node_modules/vscode-languageserver-protocol/node_modules/vscode-languageserver-types Completed in 3120ms
175 http fetch GET 200 https://registry.npmjs.org/vscode-languageserver-types/-/vscode-languageserver-types-3.18.0.tgz 2952ms (cache miss)
176 timing reifyNode:node_modules/vscode-languageserver-types Completed in 3191ms
177 http fetch GET 200 https://registry.npmjs.org/vscode-uri/-/vscode-uri-3.1.0.tgz 3031ms (cache miss)
178 http fetch GET 200 https://registry.npmjs.org/fast-uri/-/fast-uri-3.1.2.tgz 3051ms (cache miss)
179 timing reifyNode:node_modules/vscode-uri Completed in 3285ms
180 timing reifyNode:node_modules/fast-uri Completed in 3316ms
181 http fetch GET 200 https://registry.npmjs.org/jsonc-parser/-/jsonc-parser-3.3.1.tgz 3179ms (cache miss)
182 timing reifyNode:node_modules/jsonc-parser Completed in 3353ms
183 http fetch GET 200 https://registry.npmjs.org/vscode-jsonrpc/-/vscode-jsonrpc-8.2.0.tgz 3354ms (cache miss)
184 timing reifyNode:node_modules/vscode-jsonrpc Completed in 3539ms
185 http fetch GET 200 https://registry.npmjs.org/vscode-languageserver-protocol/-/vscode-languageserver-protocol-3.17.5.tgz 3847ms (cache miss)
186 timing reifyNode:node_modules/vscode-languageserver-protocol Completed in 4042ms
187 http fetch GET 200 https://registry.npmjs.org/vscode-languageserver/-/vscode-languageserver-9.0.1.tgz 3938ms (cache miss)
188 timing reifyNode:node_modules/vscode-languageserver Completed in 4193ms
189 http fetch GET 200 https://registry.npmjs.org/vscode-json-languageservice/-/vscode-json-languageservice-4.1.8.tgz 4066ms (cache miss)
190 timing reifyNode:node_modules/vscode-json-languageservice Completed in 4364ms
191 http fetch GET 200 https://registry.npmjs.org/ajv-i18n/-/ajv-i18n-4.2.0.tgz 4122ms (cache miss)
192 timing reifyNode:node_modules/ajv-i18n Completed in 4443ms
193 http fetch GET 200 https://registry.npmjs.org/yaml/-/yaml-2.8.3.tgz 5717ms (cache miss)
194 timing reifyNode:node_modules/yaml Completed in 5946ms
195 http fetch GET 200 https://registry.npmjs.org/ajv/-/ajv-8.20.0.tgz 6640ms (cache miss)
196 timing reifyNode:node_modules/ajv Completed in 6964ms
197 http fetch GET 200 https://registry.npmjs.org/prettier/-/prettier-3.8.3.tgz 6728ms (cache miss)
198 timing reifyNode:node_modules/prettier Completed in 7027ms
199 http fetch GET 200 https://registry.npmjs.org/yaml-language-server/-/yaml-language-server-1.23.0.tgz 8109ms (cache miss)
200 timing reifyNode:node_modules/yaml-language-server Completed in 8447ms
201 timing reify:unpack Completed in 8463ms
202 timing reify:unretire Completed in 2ms
203 timing build:queue Completed in 11ms
204 timing build:link:node_modules/prettier Completed in 23ms
205 timing build:link:node_modules/yaml-language-server Completed in 17ms
206 timing build:link:node_modules/yaml Completed in 19ms
207 timing build:link:node_modules/vscode-languageserver Completed in 21ms
208 timing build:link Completed in 27ms
209 timing build:deps Completed in 41ms
210 timing build Completed in 42ms
211 timing reify:build Completed in 47ms
212 timing reify:trash Completed in 0ms
213 timing reify:save Completed in 139ms
214 timing reify Completed in 14504ms
215 timing command:install Completed in 14535ms
216 verbose exit 0
217 timing npm Completed in 15087ms
218 info ok
