{"ts": "2026-05-23T17:06:44.837348+00:00", "tag": "gateway.start", "pid": 1, "python": "3.13.5", "platform": "linux", "replace": false, "argv": ["/opt/hermes/.venv/bin/hermes", "gateway", "run"], "stdin_is_tty": true, "absorb_windows_console_controls": false}
{"ts": "2026-05-23T17:11:49.735565+00:00", "tag": "asyncio.run.returned", "pid": 1, "python": "3.13.5", "platform": "linux", "success": false}
{"ts": "2026-05-23T17:11:49.736972+00:00", "tag": "gateway.exit_nonzero", "pid": 1, "python": "3.13.5", "platform": "linux"}
{"ts": "2026-05-23T17:11:49.744899+00:00", "tag": "atexit.hook", "pid": 1, "python": "3.13.5", "platform": "linux", "sys_exc": "(None, None, None)"}
{"ts": "2026-05-23T17:13:34.155436+00:00", "tag": "gateway.start", "pid": 1, "python": "3.13.5", "platform": "linux", "replace": false, "argv": ["/opt/hermes/.venv/bin/hermes", "gateway", "run"], "stdin_is_tty": true, "absorb_windows_console_controls": false}
{"ts": "2026-05-23T17:16:54.351195+00:00", "tag": "asyncio.run.returned", "pid": 1, "python": "3.13.5", "platform": "linux", "success": false}
{"ts": "2026-05-23T17:16:54.353026+00:00", "tag": "gateway.exit_nonzero", "pid": 1, "python": "3.13.5", "platform": "linux"}
{"ts": "2026-05-23T17:16:54.363129+00:00", "tag": "atexit.hook", "pid": 1, "python": "3.13.5", "platform": "linux", "sys_exc": "(None, None, None)"}
{"ts": "2026-05-23T17:17:11.337328+00:00", "tag": "gateway.start", "pid": 1, "python": "3.13.5", "platform": "linux", "replace": false, "argv": ["/opt/hermes/.venv/bin/hermes", "gateway", "run"], "stdin_is_tty": true, "absorb_windows_console_controls": false}
{"ts": "2026-05-23T17:18:03.136595+00:00", "tag": "gateway.start", "pid": 1, "python": "3.13.5", "platform": "linux", "replace": false, "argv": ["/opt/hermes/.venv/bin/hermes", "gateway", "run"], "stdin_is_tty": true, "absorb_windows_console_controls": false}
{"ts": "2026-05-23T17:48:14.271254+00:00", "tag": "gateway.start", "pid": 1, "python": "3.13.5", "platform": "linux", "replace": false, "argv": ["/opt/hermes/.venv/bin/hermes", "gateway", "run"], "stdin_is_tty": true, "absorb_windows_console_controls": false}
{"ts": "2026-05-23T18:08:34.935878+00:00", "tag": "asyncio.run.returned", "pid": 1, "python": "3.13.5", "platform": "linux", "success": false}
{"ts": "2026-05-23T18:08:34.937895+00:00", "tag": "gateway.exit_nonzero", "pid": 1, "python": "3.13.5", "platform": "linux"}
{"ts": "2026-05-23T18:08:34.980942+00:00", "tag": "atexit.hook", "pid": 1, "python": "3.13.5", "platform": "linux", "sys_exc": "(None, None, None)"}
{"ts": "2026-05-23T18:08:57.328757+00:00", "tag": "gateway.start", "pid": 1, "python": "3.13.5", "platform": "linux", "replace": false, "argv": ["/opt/hermes/.venv/bin/hermes", "gateway", "run"], "stdin_is_tty": true, "absorb_windows_console_controls": false}
{"ts": "2026-05-23T18:09:42.934978+00:00", "tag": "gateway.start", "pid": 1, "python": "3.13.5", "platform": "linux", "replace": false, "argv": ["/opt/hermes/.venv/bin/hermes", "gateway", "run"], "stdin_is_tty": true, "absorb_windows_console_controls": false}
{"ts": "2026-05-23T18:12:50.862330+00:00", "tag": "asyncio.run.returned", "pid": 1, "python": "3.13.5", "platform": "linux", "success": false}
{"ts": "2026-05-23T18:12:50.865373+00:00", "tag": "gateway.exit_nonzero", "pid": 1, "python": "3.13.5", "platform": "linux"}
{"ts": "2026-05-23T18:12:50.918084+00:00", "tag": "atexit.hook", "pid": 1, "python": "3.13.5", "platform": "linux", "sys_exc": "(None, None, None)"}
{"ts": "2026-05-23T18:13:11.555188+00:00", "tag": "gateway.start", "pid": 1, "python": "3.13.5", "platform": "linux", "replace": false, "argv": ["/opt/hermes/.venv/bin/hermes", "gateway", "run"], "stdin_is_tty": true, "absorb_windows_console_controls": false}
{"ts": "2026-05-23T18:13:56.093528+00:00", "tag": "gateway.start", "pid": 1, "python": "3.13.5", "platform": "linux", "replace": false, "argv": ["/opt/hermes/.venv/bin/hermes", "gateway", "run"], "stdin_is_tty": true, "absorb_windows_console_controls": false}
{"ts": "2026-05-23T18:24:16.750746+00:00", "tag": "asyncio.run.returned", "pid": 1, "python": "3.13.5", "platform": "linux", "success": false}
{"ts": "2026-05-23T18:24:16.752358+00:00", "tag": "gateway.exit_nonzero", "pid": 1, "python": "3.13.5", "platform": "linux"}
{"ts": "2026-05-23T18:24:16.760783+00:00", "tag": "atexit.hook", "pid": 1, "python": "3.13.5", "platform": "linux", "sys_exc": "(None, None, None)"}
{"ts": "2026-05-23T18:24:34.010260+00:00", "tag": "gateway.start", "pid": 1, "python": "3.13.5", "platform": "linux", "replace": false, "argv": ["/opt/hermes/.venv/bin/hermes", "gateway", "run"], "stdin_is_tty": true, "absorb_windows_console_controls": false}
{"ts": "2026-05-23T18:25:18.939755+00:00", "tag": "gateway.start", "pid": 1, "python": "3.13.5", "platform": "linux", "replace": false, "argv": ["/opt/hermes/.venv/bin/hermes", "gateway", "run"], "stdin_is_tty": true, "absorb_windows_console_controls": false}
{"ts": "2026-05-23T18:30:20.163567+00:00", "tag": "asyncio.run.returned", "pid": 1, "python": "3.13.5", "platform": "linux", "success": false}
{"ts": "2026-05-23T18:30:20.166348+00:00", "tag": "gateway.exit_nonzero", "pid": 1, "python": "3.13.5", "platform": "linux"}
{"ts": "2026-05-23T18:30:20.180279+00:00", "tag": "atexit.hook", "pid": 1, "python": "3.13.5", "platform": "linux", "sys_exc": "(None, None, None)"}
{"ts": "2026-05-23T18:30:38.796869+00:00", "tag": "gateway.start", "pid": 1, "python": "3.13.5", "platform": "linux", "replace": false, "argv": ["/opt/hermes/.venv/bin/hermes", "gateway", "run"], "stdin_is_tty": true, "absorb_windows_console_controls": false}
{"ts": "2026-05-23T18:31:26.460409+00:00", "tag": "gateway.start", "pid": 1, "python": "3.13.5", "platform": "linux", "replace": false, "argv": ["/opt/hermes/.venv/bin/hermes", "gateway", "run"], "stdin_is_tty": true, "absorb_windows_console_controls": false}
{"ts": "2026-05-23T18:39:04.265559+00:00", "tag": "asyncio.run.returned", "pid": 1, "python": "3.13.5", "platform": "linux", "success": false}
{"ts": "2026-05-23T18:39:04.269829+00:00", "tag": "gateway.exit_nonzero", "pid": 1, "python": "3.13.5", "platform": "linux"}
{"ts": "2026-05-23T18:39:04.284543+00:00", "tag": "atexit.hook", "pid": 1, "python": "3.13.5", "platform": "linux", "sys_exc": "(None, None, None)"}
{"ts": "2026-05-23T18:40:42.186626+00:00", "tag": "gateway.start", "pid": 1, "python": "3.13.5", "platform": "linux", "replace": false, "argv": ["/opt/hermes/.venv/bin/hermes", "gateway", "run"], "stdin_is_tty": true, "absorb_windows_console_controls": false}
{"ts": "2026-05-23T18:48:29.701025+00:00", "tag": "asyncio.run.returned", "pid": 1, "python": "3.13.5", "platform": "linux", "success": false}
{"ts": "2026-05-23T18:48:29.702381+00:00", "tag": "gateway.exit_nonzero", "pid": 1, "python": "3.13.5", "platform": "linux"}
{"ts": "2026-05-23T18:48:29.708386+00:00", "tag": "atexit.hook", "pid": 1, "python": "3.13.5", "platform": "linux", "sys_exc": "(None, None, None)"}
{"ts": "2026-05-23T18:53:42.386070+00:00", "tag": "gateway.start", "pid": 1, "python": "3.13.5", "platform": "linux", "replace": false, "argv": ["/opt/hermes/.venv/bin/hermes", "gateway", "run"], "stdin_is_tty": true, "absorb_windows_console_controls": false}
{"ts": "2026-05-23T19:03:57.506396+00:00", "tag": "asyncio.run.returned", "pid": 1, "python": "3.13.5", "platform": "linux", "success": false}
{"ts": "2026-05-23T19:03:57.509471+00:00", "tag": "gateway.exit_nonzero", "pid": 1, "python": "3.13.5", "platform": "linux"}
{"ts": "2026-05-23T19:03:57.579038+00:00", "tag": "atexit.hook", "pid": 1, "python": "3.13.5", "platform": "linux", "sys_exc": "(None, None, None)"}
{"ts": "2026-05-23T19:05:30.195804+00:00", "tag": "gateway.start", "pid": 1, "python": "3.13.5", "platform": "linux", "replace": false, "argv": ["/opt/hermes/.venv/bin/hermes", "gateway", "run"], "stdin_is_tty": true, "absorb_windows_console_controls": false}
{"ts": "2026-05-23T19:06:10.118219+00:00", "tag": "asyncio.run.returned", "pid": 1, "python": "3.13.5", "platform": "linux", "success": false}
{"ts": "2026-05-23T19:06:10.120768+00:00", "tag": "gateway.exit_nonzero", "pid": 1, "python": "3.13.5", "platform": "linux"}
{"ts": "2026-05-23T19:06:10.219766+00:00", "tag": "atexit.hook", "pid": 1, "python": "3.13.5", "platform": "linux", "sys_exc": "(None, None, None)"}
{"ts": "2026-05-23T19:07:28.601754+00:00", "tag": "gateway.start", "pid": 1, "python": "3.13.5", "platform": "linux", "replace": false, "argv": ["/opt/hermes/.venv/bin/hermes", "gateway", "run"], "stdin_is_tty": true, "absorb_windows_console_controls": false}
{"ts": "2026-05-23T19:08:22.655545+00:00", "tag": "asyncio.run.returned", "pid": 1, "python": "3.13.5", "platform": "linux", "success": false}
{"ts": "2026-05-23T19:08:22.656544+00:00", "tag": "gateway.exit_nonzero", "pid": 1, "python": "3.13.5", "platform": "linux"}
{"ts": "2026-05-23T19:08:22.662447+00:00", "tag": "atexit.hook", "pid": 1, "python": "3.13.5", "platform": "linux", "sys_exc": "(None, None, None)"}
{"ts": "2026-05-23T19:12:44.940067+00:00", "tag": "gateway.start", "pid": 1, "python": "3.13.5", "platform": "linux", "replace": false, "argv": ["/opt/hermes/.venv/bin/hermes", "gateway", "run"], "stdin_is_tty": true, "absorb_windows_console_controls": false}
{"ts": "2026-05-23T19:14:24.769213+00:00", "tag": "asyncio.run.returned", "pid": 1, "python": "3.13.5", "platform": "linux", "success": false}
{"ts": "2026-05-23T19:14:24.770276+00:00", "tag": "gateway.exit_nonzero", "pid": 1, "python": "3.13.5", "platform": "linux"}
{"ts": "2026-05-23T19:14:24.776638+00:00", "tag": "atexit.hook", "pid": 1, "python": "3.13.5", "platform": "linux", "sys_exc": "(None, None, None)"}
{"ts": "2026-05-29T02:03:30.952489+00:00", "tag": "gateway.start", "pid": 1, "python": "3.13.5", "platform": "linux", "replace": false, "argv": ["/opt/hermes/.venv/bin/hermes", "gateway", "run"], "stdin_is_tty": true, "absorb_windows_console_controls": false}
{"ts": "2026-05-29T03:32:22.209379+00:00", "tag": "asyncio.run.SystemExit", "pid": 1, "python": "3.13.5", "platform": "linux", "code": 75, "traceback": "Traceback (most recent call last):\n  File \"/opt/hermes/.venv/lib/python3.13/site-packages/hermes_cli/gateway.py\", line 3293, in run_gateway\n    success = asyncio.run(start_gateway(replace=replace, verbosity=verbosity))\n  File \"/usr/lib/python3.13/asyncio/runners.py\", line 195, in run\n    return runner.run(main)\n           ~~~~~~~~~~^^^^^^\n  File \"/usr/lib/python3.13/asyncio/runners.py\", line 118, in run\n    return self._loop.run_until_complete(task)\n           ~~~~~~~~~~~~~~~~~~~~~~~~~~~~~^^^^^^\n  File \"/usr/lib/python3.13/asyncio/base_events.py\", line 712, in run_until_complete\n    self.run_forever()\n    ~~~~~~~~~~~~~~~~^^\n  File \"/usr/lib/python3.13/asyncio/base_events.py\", line 683, in run_forever\n    self._run_once()\n    ~~~~~~~~~~~~~~^^\n  File \"/usr/lib/python3.13/asyncio/base_events.py\", line 2042, in _run_once\n    handle._run()\n    ~~~~~~~~~~~^^\n  File \"/usr/lib/python3.13/asyncio/events.py\", line 89, in _run\n    self._context.run(self._callback, *self._args)\n    ~~~~~~~~~~~~~~~~~^^^^^^^^^^^^^^^^^^^^^^^^^^^^^\n  File \"/opt/hermes/.venv/lib/python3.13/site-packages/gateway/run.py\", line 18787, in start_gateway\n    raise SystemExit(runner.exit_code)\nSystemExit: 75\n"}
{"ts": "2026-05-29T03:32:22.279961+00:00", "tag": "atexit.hook", "pid": 1, "python": "3.13.5", "platform": "linux", "sys_exc": "(None, None, None)"}
{"ts": "2026-05-29T03:32:46.139321+00:00", "tag": "gateway.start", "pid": 1, "python": "3.13.5", "platform": "linux", "replace": false, "argv": ["/opt/hermes/.venv/bin/hermes", "gateway", "run"], "stdin_is_tty": true, "absorb_windows_console_controls": false}
{"ts": "2026-05-29T09:39:14.370574+00:00", "tag": "asyncio.run.returned", "pid": 1, "python": "3.13.5", "platform": "linux", "success": false}
{"ts": "2026-05-29T09:39:14.372413+00:00", "tag": "gateway.exit_nonzero", "pid": 1, "python": "3.13.5", "platform": "linux"}
{"ts": "2026-05-29T09:39:14.379434+00:00", "tag": "atexit.hook", "pid": 1, "python": "3.13.5", "platform": "linux", "sys_exc": "(None, None, None)"}
{"ts": "2026-05-29T09:39:38.899652+00:00", "tag": "gateway.start", "pid": 1, "python": "3.13.5", "platform": "linux", "replace": false, "argv": ["/opt/hermes/.venv/bin/hermes", "gateway", "run"], "stdin_is_tty": true, "absorb_windows_console_controls": false}
{"ts": "2026-05-29T11:05:57.241696+00:00", "tag": "asyncio.run.returned", "pid": 1, "python": "3.13.5", "platform": "linux", "success": false}
{"ts": "2026-05-29T11:05:57.243882+00:00", "tag": "gateway.exit_nonzero", "pid": 1, "python": "3.13.5", "platform": "linux"}
{"ts": "2026-05-29T11:05:57.250699+00:00", "tag": "atexit.hook", "pid": 1, "python": "3.13.5", "platform": "linux", "sys_exc": "(None, None, None)"}
{"ts": "2026-05-29T11:06:20.223104+00:00", "tag": "gateway.start", "pid": 1, "python": "3.13.5", "platform": "linux", "replace": false, "argv": ["/opt/hermes/.venv/bin/hermes", "gateway", "run"], "stdin_is_tty": true, "absorb_windows_console_controls": false}
{"ts": "2026-05-29T23:30:16.567958+00:00", "tag": "asyncio.run.returned", "pid": 1, "python": "3.13.5", "platform": "linux", "success": false}
{"ts": "2026-05-29T23:30:16.573075+00:00", "tag": "gateway.exit_nonzero", "pid": 1, "python": "3.13.5", "platform": "linux"}
{"ts": "2026-05-29T23:30:16.587263+00:00", "tag": "atexit.hook", "pid": 1, "python": "3.13.5", "platform": "linux", "sys_exc": "(None, None, None)"}
{"ts": "2026-05-29T23:30:47.703525+00:00", "tag": "gateway.start", "pid": 1, "python": "3.13.5", "platform": "linux", "replace": false, "argv": ["/opt/hermes/.venv/bin/hermes", "gateway", "run"], "stdin_is_tty": true, "absorb_windows_console_controls": false}
{"ts": "2026-05-30T08:30:45.357410+00:00", "tag": "asyncio.run.returned", "pid": 1, "python": "3.13.5", "platform": "linux", "success": false}
{"ts": "2026-05-30T08:30:45.359504+00:00", "tag": "gateway.exit_nonzero", "pid": 1, "python": "3.13.5", "platform": "linux"}
{"ts": "2026-05-30T08:30:45.367502+00:00", "tag": "atexit.hook", "pid": 1, "python": "3.13.5", "platform": "linux", "sys_exc": "(None, None, None)"}
{"ts": "2026-05-30T08:32:35.185017+00:00", "tag": "gateway.start", "pid": 1, "python": "3.13.5", "platform": "linux", "replace": false, "argv": ["/opt/hermes/.venv/bin/hermes", "gateway", "run"], "stdin_is_tty": true, "absorb_windows_console_controls": false}
{"ts": "2026-05-30T08:49:59.893031+00:00", "tag": "asyncio.run.returned", "pid": 1, "python": "3.13.5", "platform": "linux", "success": false}
{"ts": "2026-05-30T08:49:59.897164+00:00", "tag": "gateway.exit_nonzero", "pid": 1, "python": "3.13.5", "platform": "linux"}
{"ts": "2026-05-30T08:49:59.906664+00:00", "tag": "atexit.hook", "pid": 1, "python": "3.13.5", "platform": "linux", "sys_exc": "(None, None, None)"}
{"ts": "2026-05-30T08:50:25.229919+00:00", "tag": "gateway.start", "pid": 1, "python": "3.13.5", "platform": "linux", "replace": false, "argv": ["/opt/hermes/.venv/bin/hermes", "gateway", "run"], "stdin_is_tty": true, "absorb_windows_console_controls": false}
{"ts": "2026-05-30T09:17:14.012323+00:00", "tag": "asyncio.run.returned", "pid": 1, "python": "3.13.5", "platform": "linux", "success": false}
{"ts": "2026-05-30T09:17:14.015853+00:00", "tag": "gateway.exit_nonzero", "pid": 1, "python": "3.13.5", "platform": "linux"}
{"ts": "2026-05-30T09:17:14.028990+00:00", "tag": "atexit.hook", "pid": 1, "python": "3.13.5", "platform": "linux", "sys_exc": "(None, None, None)"}
{"ts": "2026-05-30T09:17:38.754123+00:00", "tag": "gateway.start", "pid": 1, "python": "3.13.5", "platform": "linux", "replace": false, "argv": ["/opt/hermes/.venv/bin/hermes", "gateway", "run"], "stdin_is_tty": true, "absorb_windows_console_controls": false}
{"ts": "2026-05-30T09:35:24.444482+00:00", "tag": "asyncio.run.returned", "pid": 1, "python": "3.13.5", "platform": "linux", "success": false}
{"ts": "2026-05-30T09:35:24.446806+00:00", "tag": "gateway.exit_nonzero", "pid": 1, "python": "3.13.5", "platform": "linux"}
{"ts": "2026-05-30T09:35:24.454334+00:00", "tag": "atexit.hook", "pid": 1, "python": "3.13.5", "platform": "linux", "sys_exc": "(None, None, None)"}
{"ts": "2026-05-30T09:35:47.834843+00:00", "tag": "gateway.start", "pid": 1, "python": "3.13.5", "platform": "linux", "replace": false, "argv": ["/opt/hermes/.venv/bin/hermes", "gateway", "run"], "stdin_is_tty": true, "absorb_windows_console_controls": false}
{"ts": "2026-05-30T13:42:14.389712+00:00", "tag": "gateway.start", "pid": 1, "python": "3.13.5", "platform": "linux", "replace": false, "argv": ["/opt/hermes/.venv/bin/hermes", "gateway", "run"], "stdin_is_tty": true, "absorb_windows_console_controls": false}
{"ts": "2026-05-30T14:11:41.156175+00:00", "tag": "asyncio.run.returned", "pid": 1, "python": "3.13.5", "platform": "linux", "success": false}
{"ts": "2026-05-30T14:11:41.160279+00:00", "tag": "gateway.exit_nonzero", "pid": 1, "python": "3.13.5", "platform": "linux"}
{"ts": "2026-05-30T14:11:41.181414+00:00", "tag": "atexit.hook", "pid": 1, "python": "3.13.5", "platform": "linux", "sys_exc": "(None, None, None)"}
{"ts": "2026-05-30T14:12:04.924534+00:00", "tag": "gateway.start", "pid": 1, "python": "3.13.5", "platform": "linux", "replace": false, "argv": ["/opt/hermes/.venv/bin/hermes", "gateway", "run"], "stdin_is_tty": true, "absorb_windows_console_controls": false}
{"ts": "2026-05-30T14:54:49.360657+00:00", "tag": "asyncio.run.SystemExit", "pid": 1, "python": "3.13.5", "platform": "linux", "code": 75, "traceback": "Traceback (most recent call last):\n  File \"/opt/hermes/.venv/lib/python3.13/site-packages/hermes_cli/gateway.py\", line 3293, in run_gateway\n    success = asyncio.run(start_gateway(replace=replace, verbosity=verbosity))\n  File \"/usr/lib/python3.13/asyncio/runners.py\", line 195, in run\n    return runner.run(main)\n           ~~~~~~~~~~^^^^^^\n  File \"/usr/lib/python3.13/asyncio/runners.py\", line 118, in run\n    return self._loop.run_until_complete(task)\n           ~~~~~~~~~~~~~~~~~~~~~~~~~~~~~^^^^^^\n  File \"/usr/lib/python3.13/asyncio/base_events.py\", line 712, in run_until_complete\n    self.run_forever()\n    ~~~~~~~~~~~~~~~~^^\n  File \"/usr/lib/python3.13/asyncio/base_events.py\", line 683, in run_forever\n    self._run_once()\n    ~~~~~~~~~~~~~~^^\n  File \"/usr/lib/python3.13/asyncio/base_events.py\", line 2042, in _run_once\n    handle._run()\n    ~~~~~~~~~~~^^\n  File \"/usr/lib/python3.13/asyncio/events.py\", line 89, in _run\n    self._context.run(self._callback, *self._args)\n    ~~~~~~~~~~~~~~~~~^^^^^^^^^^^^^^^^^^^^^^^^^^^^^\n  File \"/opt/hermes/.venv/lib/python3.13/site-packages/gateway/run.py\", line 18787, in start_gateway\n    raise SystemExit(runner.exit_code)\nSystemExit: 75\n"}
{"ts": "2026-05-30T14:54:50.346844+00:00", "tag": "atexit.hook", "pid": 1, "python": "3.13.5", "platform": "linux", "sys_exc": "(None, None, None)"}
{"ts": "2026-05-30T14:55:13.216360+00:00", "tag": "gateway.start", "pid": 1, "python": "3.13.5", "platform": "linux", "replace": false, "argv": ["/opt/hermes/.venv/bin/hermes", "gateway", "run"], "stdin_is_tty": true, "absorb_windows_console_controls": false}
{"ts": "2026-05-30T16:31:20.849665+00:00", "tag": "asyncio.run.SystemExit", "pid": 1, "python": "3.13.5", "platform": "linux", "code": 75, "traceback": "Traceback (most recent call last):\n  File \"/opt/hermes/.venv/lib/python3.13/site-packages/hermes_cli/gateway.py\", line 3293, in run_gateway\n    success = asyncio.run(start_gateway(replace=replace, verbosity=verbosity))\n  File \"/usr/lib/python3.13/asyncio/runners.py\", line 195, in run\n    return runner.run(main)\n           ~~~~~~~~~~^^^^^^\n  File \"/usr/lib/python3.13/asyncio/runners.py\", line 118, in run\n    return self._loop.run_until_complete(task)\n           ~~~~~~~~~~~~~~~~~~~~~~~~~~~~~^^^^^^\n  File \"/usr/lib/python3.13/asyncio/base_events.py\", line 712, in run_until_complete\n    self.run_forever()\n    ~~~~~~~~~~~~~~~~^^\n  File \"/usr/lib/python3.13/asyncio/base_events.py\", line 683, in run_forever\n    self._run_once()\n    ~~~~~~~~~~~~~~^^\n  File \"/usr/lib/python3.13/asyncio/base_events.py\", line 2042, in _run_once\n    handle._run()\n    ~~~~~~~~~~~^^\n  File \"/usr/lib/python3.13/asyncio/events.py\", line 89, in _run\n    self._context.run(self._callback, *self._args)\n    ~~~~~~~~~~~~~~~~~^^^^^^^^^^^^^^^^^^^^^^^^^^^^^\n  File \"/opt/hermes/.venv/lib/python3.13/site-packages/gateway/run.py\", line 18787, in start_gateway\nSystemExit: 75\n"}
{"ts": "2026-05-30T16:31:21.152274+00:00", "tag": "atexit.hook", "pid": 1, "python": "3.13.5", "platform": "linux", "sys_exc": "(None, None, None)"}
{"ts": "2026-05-30T16:31:47.001596+00:00", "tag": "gateway.start", "pid": 1, "python": "3.13.5", "platform": "linux", "replace": false, "argv": ["/opt/hermes/.venv/bin/hermes", "gateway", "run"], "stdin_is_tty": true, "absorb_windows_console_controls": false}
{"ts": "2026-05-30T17:38:29.681152+00:00", "tag": "asyncio.run.returned", "pid": 1, "python": "3.13.5", "platform": "linux", "success": true}
{"ts": "2026-05-30T17:38:29.683380+00:00", "tag": "gateway.exit_clean", "pid": 1, "python": "3.13.5", "platform": "linux"}
{"ts": "2026-05-30T17:38:29.687345+00:00", "tag": "atexit.hook", "pid": 1, "python": "3.13.5", "platform": "linux", "sys_exc": "(None, None, None)"}
{"ts": "2026-05-30T17:38:51.186272+00:00", "tag": "gateway.start", "pid": 1, "python": "3.13.5", "platform": "linux", "replace": false, "argv": ["/opt/hermes/.venv/bin/hermes", "gateway", "run"], "stdin_is_tty": true, "absorb_windows_console_controls": false}
{"ts": "2026-05-31T21:02:07.140068+00:00", "tag": "gateway.start", "pid": 1, "python": "3.13.5", "platform": "linux", "replace": false, "argv": ["/opt/hermes/.venv/bin/hermes", "gateway", "run"], "stdin_is_tty": true, "absorb_windows_console_controls": false}
{"ts": "2026-06-05T10:55:33.490228+00:00", "tag": "asyncio.run.returned", "pid": 1, "python": "3.13.5", "platform": "linux", "success": false}
{"ts": "2026-06-05T10:55:33.493320+00:00", "tag": "gateway.exit_nonzero", "pid": 1, "python": "3.13.5", "platform": "linux"}
{"ts": "2026-06-05T10:55:33.504911+00:00", "tag": "atexit.hook", "pid": 1, "python": "3.13.5", "platform": "linux", "sys_exc": "(None, None, None)"}
{"ts": "2026-06-05T10:56:00.198344+00:00", "tag": "gateway.start", "pid": 1, "python": "3.13.5", "platform": "linux", "replace": false, "argv": ["/opt/hermes/.venv/bin/hermes", "gateway", "run"], "stdin_is_tty": true, "absorb_windows_console_controls": false}
{"ts": "2026-06-05T11:07:02.291741+00:00", "tag": "asyncio.run.returned", "pid": 1, "python": "3.13.5", "platform": "linux", "success": false}
{"ts": "2026-06-05T11:07:02.293392+00:00", "tag": "gateway.exit_nonzero", "pid": 1, "python": "3.13.5", "platform": "linux"}
{"ts": "2026-06-05T11:07:02.306534+00:00", "tag": "atexit.hook", "pid": 1, "python": "3.13.5", "platform": "linux", "sys_exc": "(None, None, None)"}
{"ts": "2026-06-05T11:07:25.314366+00:00", "tag": "gateway.start", "pid": 1, "python": "3.13.5", "platform": "linux", "replace": false, "argv": ["/opt/hermes/.venv/bin/hermes", "gateway", "run"], "stdin_is_tty": true, "absorb_windows_console_controls": false}
{"ts": "2026-06-05T11:45:45.202619+00:00", "tag": "asyncio.run.returned", "pid": 1, "python": "3.13.5", "platform": "linux", "success": false}
{"ts": "2026-06-05T11:45:45.204375+00:00", "tag": "gateway.exit_nonzero", "pid": 1, "python": "3.13.5", "platform": "linux"}
{"ts": "2026-06-05T11:45:45.216041+00:00", "tag": "atexit.hook", "pid": 1, "python": "3.13.5", "platform": "linux", "sys_exc": "(None, None, None)"}
{"ts": "2026-06-05T11:46:07.795134+00:00", "tag": "gateway.start", "pid": 1, "python": "3.13.5", "platform": "linux", "replace": false, "argv": ["/opt/hermes/.venv/bin/hermes", "gateway", "run"], "stdin_is_tty": true, "absorb_windows_console_controls": false}
{"ts": "2026-06-05T11:52:37.017080+00:00", "tag": "asyncio.run.returned", "pid": 1, "python": "3.13.5", "platform": "linux", "success": false}
{"ts": "2026-06-05T11:52:37.018932+00:00", "tag": "gateway.exit_nonzero", "pid": 1, "python": "3.13.5", "platform": "linux"}
{"ts": "2026-06-05T11:52:37.218101+00:00", "tag": "atexit.hook", "pid": 1, "python": "3.13.5", "platform": "linux", "sys_exc": "(None, None, None)"}
{"ts": "2026-06-05T11:53:01.440889+00:00", "tag": "gateway.start", "pid": 1, "python": "3.13.5", "platform": "linux", "replace": false, "argv": ["/opt/hermes/.venv/bin/hermes", "gateway", "run"], "stdin_is_tty": true, "absorb_windows_console_controls": false}
{"ts": "2026-06-08T12:34:51.804185+00:00", "tag": "gateway.start", "pid": 1, "python": "3.13.5", "platform": "linux", "replace": false, "argv": ["/opt/hermes/.venv/bin/hermes-python", "gateway", "run"], "stdin_is_tty": true, "absorb_windows_console_controls": false}
