2026-06-06 19:00:02,055 [INFO] Memory & Archive persisted.
### 🧠 记忆优化报告
| 指标 | 优化前 | 优化后 | 改善 |
|------|--------|--------|------|
| Memory 占用 | 0% | 0% | -0% |
| 条目数 | 0 | 0 | -0 条 |
| 归档数 | — | 0 | +0 条 |
| 合并数 | — | 0 | -0 条 |
2026-06-07 19:00:02,423 [INFO] Memory & Archive persisted.
### 🧠 记忆优化报告
| 指标 | 优化前 | 优化后 | 改善 |
|------|--------|--------|------|
| Memory 占用 | 0% | 0% | -0% |
| 条目数 | 0 | 0 | -0 条 |
| 归档数 | — | 0 | +0 条 |
| 合并数 | — | 0 | -0 条 |
2026-06-09 19:00:01,847 [INFO] Memory & Archive persisted.
### 🧠 记忆优化报告
| 指标 | 优化前 | 优化后 | 改善 |
|------|--------|--------|------|
| Memory 占用 | 0% | 0% | -0% |
| 条目数 | 0 | 0 | -0 条 |
| 归档数 | — | 0 | +0 条 |
| 合并数 | — | 0 | -0 条 |
